This file contains any messages produced by compilers while
running configure, to aid debugging if configure makes a mistake.

It was created by Xenomai configure 3.0.7, which was
generated by GNU Autoconf 2.69.  Invocation command line was

  $ ./configure --enable-smp

## --------- ##
## Platform. ##
## --------- ##

hostname = raspberrypi
uname -m = armv7l
uname -r = 4.9.80-v7+
uname -s = Linux
uname -v = #2 SMP Tue Jul 2 19:52:48 IST 2019

/usr/bin/uname -p = unknown
/bin/uname -X     = unknown

/bin/arch              = unknown
/usr/bin/arch -k       = unknown
/usr/convex/getsysinfo = unknown
/usr/bin/hostinfo      = unknown
/bin/machine           = unknown
/usr/bin/oslevel       = unknown
/bin/universe          = unknown

PATH: /usr/local/sbin
PATH: /usr/local/bin
PATH: /usr/sbin
PATH: /usr/bin
PATH: /sbin
PATH: /bin
PATH: /usr/local/games
PATH: /usr/games


## ----------- ##
## Core tests. ##
## ----------- ##

configure:2476: checking whether we build for Cobalt or Mercury core
configure:2495: result: cobalt
configure:2536: checking build system type
configure:2550: result: armv7l-unknown-linux-gnueabihf
configure:2570: checking host system type
configure:2583: result: armv7l-unknown-linux-gnueabihf
configure:2617: checking for a BSD-compatible install
configure:2685: result: /usr/bin/install -c
configure:2758: checking for gcc
configure:2774: found /usr/bin/gcc
configure:2785: result: gcc
configure:3014: checking for C compiler version
configure:3023: gcc --version >&5
gcc (Raspbian 6.3.0-18+rpi1+deb9u1) 6.3.0 20170516
Copyright (C) 2016 Free Software Foundation, Inc.
This is free software; see the source for copying conditions.  There is NO
warranty; not even for MERCHANTABILITY or FITNESS FOR A PARTICULAR PURPOSE.

configure:3034: $? = 0
configure:3023: gcc -v >&5
Using built-in specs.
COLLECT_GCC=gcc
COLLECT_LTO_WRAPPER=/usr/lib/gcc/arm-linux-gnueabihf/6/lto-wrapper
Target: arm-linux-gnueabihf
Configured with: ../src/configure -v --with-pkgversion='Raspbian 6.3.0-18+rpi1+deb9u1' --with-bugurl=file:///usr/share/doc/gcc-6/README.Bugs --enable-languages=c,ada,c++,java,go,d,fortran,objc,obj-c++ --prefix=/usr --program-suffix=-6 --program-prefix=arm-linux-gnueabihf- --enable-shared --enable-linker-build-id --libexecdir=/usr/lib --without-included-gettext --enable-threads=posix --libdir=/usr/lib --enable-nls --with-sysroot=/ --enable-clocale=gnu --enable-libstdcxx-debug --enable-libstdcxx-time=yes --with-default-libstdcxx-abi=new --enable-gnu-unique-object --disable-libitm --disable-libquadmath --enable-plugin --with-system-zlib --disable-browser-plugin --enable-java-awt=gtk --enable-gtk-cairo --with-java-home=/usr/lib/jvm/java-1.5.0-gcj-6-armhf/jre --enable-java-home --with-jvm-root-dir=/usr/lib/jvm/java-1.5.0-gcj-6-armhf --with-jvm-jar-dir=/usr/lib/jvm-exports/java-1.5.0-gcj-6-armhf --with-arch-directory=arm --with-ecj-jar=/usr/share/java/eclipse-ecj.jar --with-target-system-zlib --enable-objc-gc=auto --enable-multiarch --disable-sjlj-exceptions --with-arch=armv6 --with-fpu=vfp --with-float=hard --enable-checking=release --build=arm-linux-gnueabihf --host=arm-linux-gnueabihf --target=arm-linux-gnueabihf
Thread model: posix
gcc version 6.3.0 20170516 (Raspbian 6.3.0-18+rpi1+deb9u1) 
configure:3034: $? = 0
configure:3023: gcc -V >&5
gcc: error: unrecognized command line option '-V'
gcc: fatal error: no input files
compilation terminated.
configure:3034: $? = 1
configure:3023: gcc -qversion >&5
gcc: error: unrecognized command line option '-qversion'; did you mean '--version'?
gcc: fatal error: no input files
compilation terminated.
configure:3034: $? = 1
configure:3054: checking whether the C compiler works
configure:3076: gcc    conftest.c  >&5
configure:3080: $? = 0
configure:3128: result: yes
configure:3131: checking for C compiler default output file name
configure:3133: result: a.out
configure:3139: checking for suffix of executables
configure:3146: gcc -o conftest    conftest.c  >&5
configure:3150: $? = 0
configure:3172: result: 
configure:3194: checking whether we are cross compiling
configure:3202: gcc -o conftest    conftest.c  >&5
configure:3206: $? = 0
configure:3213: ./conftest
configure:3217: $? = 0
configure:3232: result: no
configure:3237: checking for suffix of object files
configure:3259: gcc -c   conftest.c >&5
configure:3263: $? = 0
configure:3284: result: o
configure:3288: checking whether we are using the GNU C compiler
configure:3307: gcc -c   conftest.c >&5
configure:3307: $? = 0
configure:3316: result: yes
configure:3325: checking whether gcc accepts -g
configure:3345: gcc -c -g  conftest.c >&5
configure:3345: $? = 0
configure:3386: result: yes
configure:3403: checking for gcc option to accept ISO C89
configure:3466: gcc  -c -g -O2  conftest.c >&5
configure:3466: $? = 0
configure:3479: result: none needed
configure:3507: checking whether gcc understands -c and -o together
configure:3529: gcc -c conftest.c -o conftest2.o
configure:3532: $? = 0
configure:3529: gcc -c conftest.c -o conftest2.o
configure:3532: $? = 0
configure:3544: result: yes
configure:3572: checking how to run the C preprocessor
configure:3603: gcc -E  conftest.c
configure:3603: $? = 0
configure:3617: gcc -E  conftest.c
conftest.c:10:28: fatal error: ac_nonexistent.h: No such file or directory
 #include <ac_nonexistent.h>
                            ^
compilation terminated.
configure:3617: $? = 1
configure: failed program was:
| /* confdefs.h */
| #define PACKAGE_NAME "Xenomai"
| #define PACKAGE_TARNAME "xenomai"
| #define PACKAGE_VERSION "3.0.7"
| #define PACKAGE_STRING "Xenomai 3.0.7"
| #define PACKAGE_BUGREPORT "xenomai@xenomai.org"
| #define PACKAGE_URL ""
| #define CONFIG_XENO_COBALT 1
| /* end confdefs.h.  */
| #include <ac_nonexistent.h>
configure:3642: result: gcc -E
configure:3662: gcc -E  conftest.c
configure:3662: $? = 0
configure:3676: gcc -E  conftest.c
conftest.c:10:28: fatal error: ac_nonexistent.h: No such file or directory
 #include <ac_nonexistent.h>
                            ^
compilation terminated.
configure:3676: $? = 1
configure: failed program was:
| /* confdefs.h */
| #define PACKAGE_NAME "Xenomai"
| #define PACKAGE_TARNAME "xenomai"
| #define PACKAGE_VERSION "3.0.7"
| #define PACKAGE_STRING "Xenomai 3.0.7"
| #define PACKAGE_BUGREPORT "xenomai@xenomai.org"
| #define PACKAGE_URL ""
| #define CONFIG_XENO_COBALT 1
| /* end confdefs.h.  */
| #include <ac_nonexistent.h>
configure:3705: checking target system type
configure:3718: result: armv7l-unknown-linux-gnueabihf
configure:3796: checking for gcc
configure:3812: found /usr/bin/gcc
configure:3823: result: gcc
configure:4052: checking for C compiler version
configure:4061: gcc --version >&5
gcc (Raspbian 6.3.0-18+rpi1+deb9u1) 6.3.0 20170516
Copyright (C) 2016 Free Software Foundation, Inc.
This is free software; see the source for copying conditions.  There is NO
warranty; not even for MERCHANTABILITY or FITNESS FOR A PARTICULAR PURPOSE.

configure:4072: $? = 0
configure:4061: gcc -v >&5
Using built-in specs.
COLLECT_GCC=gcc
COLLECT_LTO_WRAPPER=/usr/lib/gcc/arm-linux-gnueabihf/6/lto-wrapper
Target: arm-linux-gnueabihf
Configured with: ../src/configure -v --with-pkgversion='Raspbian 6.3.0-18+rpi1+deb9u1' --with-bugurl=file:///usr/share/doc/gcc-6/README.Bugs --enable-languages=c,ada,c++,java,go,d,fortran,objc,obj-c++ --prefix=/usr --program-suffix=-6 --program-prefix=arm-linux-gnueabihf- --enable-shared --enable-linker-build-id --libexecdir=/usr/lib --without-included-gettext --enable-threads=posix --libdir=/usr/lib --enable-nls --with-sysroot=/ --enable-clocale=gnu --enable-libstdcxx-debug --enable-libstdcxx-time=yes --with-default-libstdcxx-abi=new --enable-gnu-unique-object --disable-libitm --disable-libquadmath --enable-plugin --with-system-zlib --disable-browser-plugin --enable-java-awt=gtk --enable-gtk-cairo --with-java-home=/usr/lib/jvm/java-1.5.0-gcj-6-armhf/jre --enable-java-home --with-jvm-root-dir=/usr/lib/jvm/java-1.5.0-gcj-6-armhf --with-jvm-jar-dir=/usr/lib/jvm-exports/java-1.5.0-gcj-6-armhf --with-arch-directory=arm --with-ecj-jar=/usr/share/java/eclipse-ecj.jar --with-target-system-zlib --enable-objc-gc=auto --enable-multiarch --disable-sjlj-exceptions --with-arch=armv6 --with-fpu=vfp --with-float=hard --enable-checking=release --build=arm-linux-gnueabihf --host=arm-linux-gnueabihf --target=arm-linux-gnueabihf
Thread model: posix
gcc version 6.3.0 20170516 (Raspbian 6.3.0-18+rpi1+deb9u1) 
configure:4072: $? = 0
configure:4061: gcc -V >&5
gcc: error: unrecognized command line option '-V'
gcc: fatal error: no input files
compilation terminated.
configure:4072: $? = 1
configure:4061: gcc -qversion >&5
gcc: error: unrecognized command line option '-qversion'; did you mean '--version'?
gcc: fatal error: no input files
compilation terminated.
configure:4072: $? = 1
configure:4076: checking whether we are using the GNU C compiler
configure:4104: result: yes
configure:4113: checking whether gcc accepts -g
configure:4133: gcc -c   conftest.c >&5
configure:4133: $? = 0
configure:4174: result: yes
configure:4191: checking for gcc option to accept ISO C89
configure:4267: result: none needed
configure:4292: checking whether gcc understands -c and -o together
configure:4329: result: yes
configure:4351: checking how to run the C preprocessor
configure:4382: gcc -E  conftest.c
configure:4382: $? = 0
configure:4396: gcc -E  conftest.c
conftest.c:10:28: fatal error: ac_nonexistent.h: No such file or directory
 #include <ac_nonexistent.h>
                            ^
compilation terminated.
configure:4396: $? = 1
configure: failed program was:
| /* confdefs.h */
| #define PACKAGE_NAME "Xenomai"
| #define PACKAGE_TARNAME "xenomai"
| #define PACKAGE_VERSION "3.0.7"
| #define PACKAGE_STRING "Xenomai 3.0.7"
| #define PACKAGE_BUGREPORT "xenomai@xenomai.org"
| #define PACKAGE_URL ""
| #define CONFIG_XENO_COBALT 1
| /* end confdefs.h.  */
| #include <ac_nonexistent.h>
configure:4421: result: gcc -E
configure:4441: gcc -E  conftest.c
configure:4441: $? = 0
configure:4455: gcc -E  conftest.c
conftest.c:10:28: fatal error: ac_nonexistent.h: No such file or directory
 #include <ac_nonexistent.h>
                            ^
compilation terminated.
configure:4455: $? = 1
configure: failed program was:
| /* confdefs.h */
| #define PACKAGE_NAME "Xenomai"
| #define PACKAGE_TARNAME "xenomai"
| #define PACKAGE_VERSION "3.0.7"
| #define PACKAGE_STRING "Xenomai 3.0.7"
| #define PACKAGE_BUGREPORT "xenomai@xenomai.org"
| #define PACKAGE_URL ""
| #define CONFIG_XENO_COBALT 1
| /* end confdefs.h.  */
| #include <ac_nonexistent.h>
configure:4489: checking for grep that handles long lines and -e
configure:4547: result: /bin/grep
configure:4552: checking for BSD- or MS-compatible name lister (nm)
configure:4606: result: /usr/bin/nm -B
configure:4736: checking the name lister (/usr/bin/nm -B) interface
configure:4743: gcc -c   conftest.c >&5
configure:4746: /usr/bin/nm -B "conftest.o"
configure:4749: output
00000000 B some_variable
configure:4756: result: BSD nm
configure:4765: checking for gawk
configure:4795: result: no
configure:4765: checking for mawk
configure:4781: found /usr/bin/mawk
configure:4792: result: mawk
configure:4803: checking for a sed that does not truncate output
configure:4867: result: /bin/sed
configure:4885: checking for egrep
configure:4947: result: /bin/grep -E
configure:4952: checking for fgrep
configure:5014: result: /bin/grep -F
configure:5041: checking how to print strings
configure:5068: result: printf
configure:5101: checking for ld used by gcc
configure:5168: result: /usr/bin/ld
configure:5175: checking if the linker (/usr/bin/ld) is GNU ld
configure:5190: result: yes
configure:5231: checking command to parse /usr/bin/nm -B output from gcc object
configure:5384: gcc -c   conftest.c >&5
configure:5387: $? = 0
configure:5391: /usr/bin/nm -B conftest.o \| sed -n -e 's/^.*[ ]\([ABCDGIRSTW][ABCDGIRSTW]*\)[ ][ ]*\([_A-Za-z][_A-Za-z0-9]*\)$/\1 \2 \2/p' | sed '/ __gnu_lto/d' \> conftest.nm
configure:5394: $? = 0
configure:5460: gcc -o conftest    conftest.c conftstm.o >&5
configure:5463: $? = 0
configure:5501: result: ok
configure:5548: checking for _ prefix in compiled symbols
configure:5558: gcc -c   conftest.c >&5
configure:5561: $? = 0
configure:5565: /usr/bin/nm -B conftest.o \| sed -n -e 's/^.*[	 ]\([ABCDGIRSTW][ABCDGIRSTW]*\)[	 ][	 ]*\([_A-Za-z][_A-Za-z0-9]*\)$/\1 \2 \2/p' | sed '/ __gnu_lto/d' \> conftest.nm
configure:5568: $? = 0
configure:5590: result: no
configure:5621: checking whether build environment is sane
configure:5676: result: yes
configure:5824: checking for a thread-safe mkdir -p
configure:5863: result: /bin/mkdir -p
configure:5866: checking whether make sets $(MAKE)
configure:5888: result: yes
configure:5918: checking for style of include used by make
configure:5946: result: GNU
configure:5980: checking whether make supports nested variables
configure:5997: result: yes
configure:6086: checking whether UID '1000' is supported by ustar format
configure:6089: result: yes
configure:6096: checking whether GID '1000' is supported by ustar format
configure:6099: result: yes
configure:6107: checking how to create a ustar tar archive
configure:6118: tar --version
tar (GNU tar) 1.29
Copyright (C) 2015 Free Software Foundation, Inc.
License GPLv3+: GNU GPL version 3 or later <http://gnu.org/licenses/gpl.html>.
This is free software: you are free to change and redistribute it.
There is NO WARRANTY, to the extent permitted by law.

Written by John Gilmore and Jay Fenlason.
configure:6121: $? = 0
configure:6161: tardir=conftest.dir && eval tar --format=ustar -chf - "$tardir" >conftest.tar
configure:6164: $? = 0
configure:6168: tar -xf - <conftest.tar
configure:6171: $? = 0
configure:6173: cat conftest.dir/file
GrepMe
configure:6176: $? = 0
configure:6189: result: gnutar
configure:6198: checking dependency style of gcc
configure:6309: result: gcc3
configure:6378: checking whether make supports nested variables
configure:6395: result: yes
configure:6407: checking whether to enable maintainer-specific portions of Makefiles
configure:6416: result: no
configure:6438: checking dependency style of gcc
configure:6547: result: gcc3
configure:6567: checking for flex
configure:6597: result: no
configure:6567: checking for lex
configure:6597: result: no
configure:6728: checking for target architecture
configure:6777: result: arm
configure:6853: checking whether ln -s works
configure:6857: result: yes
configure:6865: checking the maximum length of command line arguments
configure:6996: result: 1572864
configure:7044: checking how to convert armv7l-unknown-linux-gnueabihf file names to armv7l-unknown-linux-gnueabihf format
configure:7084: result: func_convert_file_noop
configure:7091: checking how to convert armv7l-unknown-linux-gnueabihf file names to toolchain format
configure:7111: result: func_convert_file_noop
configure:7118: checking for /usr/bin/ld option to reload object files
configure:7125: result: -r
configure:7199: checking for objdump
configure:7215: found /usr/bin/objdump
configure:7226: result: objdump
configure:7258: checking how to recognize dependent libraries
configure:7458: result: pass_all
configure:7543: checking for dlltool
configure:7573: result: no
configure:7603: checking how to associate runtime and link libraries
configure:7630: result: printf %s\n
configure:7690: checking for ar
configure:7706: found /usr/bin/ar
configure:7717: result: ar
configure:7754: checking for archiver @FILE support
configure:7771: gcc -c   conftest.c >&5
configure:7771: $? = 0
configure:7774: ar cru libconftest.a @conftest.lst >&5
ar: `u' modifier ignored since `D' is the default (see `U')
configure:7777: $? = 0
configure:7782: ar cru libconftest.a @conftest.lst >&5
ar: `u' modifier ignored since `D' is the default (see `U')
ar: conftest.o: No such file or directory
configure:7785: $? = 1
configure:7797: result: @
configure:7855: checking for strip
configure:7871: found /usr/bin/strip
configure:7882: result: strip
configure:7954: checking for ranlib
configure:7970: found /usr/bin/ranlib
configure:7981: result: ranlib
configure:8054: checking for sysroot
configure:8084: result: no
configure:8091: checking for a working dd
configure:8129: result: /bin/dd
configure:8133: checking how to truncate binary pipes
configure:8148: result: /bin/dd bs=4096 count=1
configure:8477: checking for mt
configure:8493: found /bin/mt
configure:8504: result: mt
configure:8527: checking if mt is a manifest tool
configure:8533: mt '-?'
configure:8541: result: no
configure:9214: checking for ANSI C header files
configure:9234: gcc -c   conftest.c >&5
configure:9234: $? = 0
configure:9307: gcc -o conftest    conftest.c  >&5
configure:9307: $? = 0
configure:9307: ./conftest
configure:9307: $? = 0
configure:9318: result: yes
configure:9331: checking for sys/types.h
configure:9331: gcc -c   conftest.c >&5
configure:9331: $? = 0
configure:9331: result: yes
configure:9331: checking for sys/stat.h
configure:9331: gcc -c   conftest.c >&5
configure:9331: $? = 0
configure:9331: result: yes
configure:9331: checking for stdlib.h
configure:9331: gcc -c   conftest.c >&5
configure:9331: $? = 0
configure:9331: result: yes
configure:9331: checking for string.h
configure:9331: gcc -c   conftest.c >&5
configure:9331: $? = 0
configure:9331: result: yes
configure:9331: checking for memory.h
configure:9331: gcc -c   conftest.c >&5
configure:9331: $? = 0
configure:9331: result: yes
configure:9331: checking for strings.h
configure:9331: gcc -c   conftest.c >&5
configure:9331: $? = 0
configure:9331: result: yes
configure:9331: checking for inttypes.h
configure:9331: gcc -c   conftest.c >&5
configure:9331: $? = 0
configure:9331: result: yes
configure:9331: checking for stdint.h
configure:9331: gcc -c   conftest.c >&5
configure:9331: $? = 0
configure:9331: result: yes
configure:9331: checking for unistd.h
configure:9331: gcc -c   conftest.c >&5
configure:9331: $? = 0
configure:9331: result: yes
configure:9345: checking for dlfcn.h
configure:9345: gcc -c   conftest.c >&5
configure:9345: $? = 0
configure:9345: result: yes
configure:9571: checking for objdir
configure:9586: result: .libs
configure:9850: checking if gcc supports -fno-rtti -fno-exceptions
configure:9868: gcc -c   -fno-rtti -fno-exceptions conftest.c >&5
cc1: warning: command line option '-fno-rtti' is valid for C++/ObjC++ but not for C
configure:9872: $? = 0
configure:9885: result: no
configure:10243: checking for gcc option to produce PIC
configure:10250: result: -fPIC -DPIC
configure:10258: checking if gcc PIC flag -fPIC -DPIC works
configure:10276: gcc -c   -fPIC -DPIC -DPIC conftest.c >&5
configure:10280: $? = 0
configure:10293: result: yes
configure:10322: checking if gcc static flag -static works
configure:10350: result: yes
configure:10365: checking if gcc supports -c -o file.o
configure:10386: gcc -c   -o out/conftest2.o conftest.c >&5
configure:10390: $? = 0
configure:10412: result: yes
configure:10420: checking if gcc supports -c -o file.o
configure:10467: result: yes
configure:10500: checking whether the gcc linker (/usr/bin/ld) supports shared libraries
configure:11763: result: yes
configure:11800: checking whether -lc should be explicitly linked in
configure:11808: gcc -c   conftest.c >&5
configure:11811: $? = 0
configure:11826: gcc -shared  -fPIC -DPIC conftest.o  -v -Wl,-soname -Wl,conftest -o conftest 2\>\&1 \| /bin/grep  -lc  \>/dev/null 2\>\&1
configure:11829: $? = 0
configure:11843: result: no
configure:12003: checking dynamic linker characteristics
configure:12584: gcc -o conftest    -Wl,-rpath -Wl,/foo conftest.c  >&5
configure:12584: $? = 0
configure:12833: result: GNU/Linux ld.so
configure:12955: checking how to hardcode library paths into programs
configure:12980: result: immediate
configure:13528: checking whether stripping libraries is possible
configure:13533: result: yes
configure:13568: checking if libtool supports shared libraries
configure:13570: result: yes
configure:13573: checking whether to build shared libraries
configure:13598: result: yes
configure:13601: checking whether to build static libraries
configure:13605: result: yes
configure:13647: checking whether to enable debug mode
configure:13673: result: no
configure:13700: checking whether to enable the low resolution clock
configure:13710: result: no
configure:13724: checking whether we may use CLOCK_MONOTONIC_RAW
configure:13734: result: y
configure:13749: checking whether assertions should be enabled
configure:13759: result: no
configure:13764: checking whether asynchronous cancellation of threads is enabled
configure:13774: result: no
configure:13785: checking whether to enable the workaround for broken PI with condvars
configure:13795: result: no
configure:13810: checking whether shared multi-processing should be supported
configure:13820: result: no
configure:13840: checking whether the registry should be enabled
configure:13851: result: no
configure:14090: checking for SMP support
configure:14100: result: y
configure:14105: checking whether to enable sanity checks
configure:14115: result: y
configure:14148: checking whether to build documentation
configure:14175: checking for doxygen
configure:14205: result: no
configure:14217: checking for dot
configure:14245: result: NO
configure:14261: checking for LaTeX mode
configure:14274: result: batch
configure:14279: checking for asciidoc
configure:14309: result: no
configure:14319: checking for a2x
configure:14349: result: no
configure:14359: checking for w3m
configure:14389: result: no
configure:14413: checking valgrind/valgrind.h usability
configure:14413: gcc -c   conftest.c >&5
conftest.c:63:31: fatal error: valgrind/valgrind.h: No such file or directory
 #include <valgrind/valgrind.h>
                               ^
compilation terminated.
configure:14413: $? = 1
configure: failed program was:
| /* confdefs.h */
| #define PACKAGE_NAME "Xenomai"
| #define PACKAGE_TARNAME "xenomai"
| #define PACKAGE_VERSION "3.0.7"
| #define PACKAGE_STRING "Xenomai 3.0.7"
| #define PACKAGE_BUGREPORT "xenomai@xenomai.org"
| #define PACKAGE_URL ""
| #define CONFIG_XENO_COBALT 1
| #define CONFIG_XENO_BUILD_STRING "armv7l-unknown-linux-gnueabihf"
| #define CONFIG_XENO_HOST_STRING "armv7l-unknown-linux-gnueabihf"
| #define CONFIG_XENO_COMPILER "gcc version 6.3.0 20170516 (Raspbian 6.3.0-18+rpi1+deb9u1) "
| #define PACKAGE "xenomai"
| #define VERSION "3.0.7"
| #define STDC_HEADERS 1
| #define HAVE_SYS_TYPES_H 1
| #define HAVE_SYS_STAT_H 1
| #define HAVE_STDLIB_H 1
| #define HAVE_STRING_H 1
| #define HAVE_MEMORY_H 1
| #define HAVE_STRINGS_H 1
| #define HAVE_INTTYPES_H 1
| #define HAVE_STDINT_H 1
| #define HAVE_UNISTD_H 1
| #define HAVE_DLFCN_H 1
| #define LT_OBJDIR ".libs/"
| #define CONFIG_XENO_LORES_CLOCK_DISABLED 1
| #define CONFIG_XENO_RAW_CLOCK_ENABLED 1
| #define CONFIG_XENO_SANITY 1
| /* end confdefs.h.  */
| #include <stdio.h>
| #ifdef HAVE_SYS_TYPES_H
| # include <sys/types.h>
| #endif
| #ifdef HAVE_SYS_STAT_H
| # include <sys/stat.h>
| #endif
| #ifdef STDC_HEADERS
| # include <stdlib.h>
| # include <stddef.h>
| #else
| # ifdef HAVE_STDLIB_H
| #  include <stdlib.h>
| # endif
| #endif
| #ifdef HAVE_STRING_H
| # if !defined STDC_HEADERS && defined HAVE_MEMORY_H
| #  include <memory.h>
| # endif
| # include <string.h>
| #endif
| #ifdef HAVE_STRINGS_H
| # include <strings.h>
| #endif
| #ifdef HAVE_INTTYPES_H
| # include <inttypes.h>
| #endif
| #ifdef HAVE_STDINT_H
| # include <stdint.h>
| #endif
| #ifdef HAVE_UNISTD_H
| # include <unistd.h>
| #endif
| #include <valgrind/valgrind.h>
configure:14413: result: no
configure:14413: checking valgrind/valgrind.h presence
configure:14413: gcc -E  conftest.c
conftest.c:30:31: fatal error: valgrind/valgrind.h: No such file or directory
 #include <valgrind/valgrind.h>
                               ^
compilation terminated.
configure:14413: $? = 1
configure: failed program was:
| /* confdefs.h */
| #define PACKAGE_NAME "Xenomai"
| #define PACKAGE_TARNAME "xenomai"
| #define PACKAGE_VERSION "3.0.7"
| #define PACKAGE_STRING "Xenomai 3.0.7"
| #define PACKAGE_BUGREPORT "xenomai@xenomai.org"
| #define PACKAGE_URL ""
| #define CONFIG_XENO_COBALT 1
| #define CONFIG_XENO_BUILD_STRING "armv7l-unknown-linux-gnueabihf"
| #define CONFIG_XENO_HOST_STRING "armv7l-unknown-linux-gnueabihf"
| #define CONFIG_XENO_COMPILER "gcc version 6.3.0 20170516 (Raspbian 6.3.0-18+rpi1+deb9u1) "
| #define PACKAGE "xenomai"
| #define VERSION "3.0.7"
| #define STDC_HEADERS 1
| #define HAVE_SYS_TYPES_H 1
| #define HAVE_SYS_STAT_H 1
| #define HAVE_STDLIB_H 1
| #define HAVE_STRING_H 1
| #define HAVE_MEMORY_H 1
| #define HAVE_STRINGS_H 1
| #define HAVE_INTTYPES_H 1
| #define HAVE_STDINT_H 1
| #define HAVE_UNISTD_H 1
| #define HAVE_DLFCN_H 1
| #define LT_OBJDIR ".libs/"
| #define CONFIG_XENO_LORES_CLOCK_DISABLED 1
| #define CONFIG_XENO_RAW_CLOCK_ENABLED 1
| #define CONFIG_XENO_SANITY 1
| /* end confdefs.h.  */
| #include <valgrind/valgrind.h>
configure:14413: result: no
configure:14413: checking for valgrind/valgrind.h
configure:14413: result: no
configure:14420: checking for Valgrind client API
configure:14429: result: no
configure:14465: checking obstack.h usability
configure:14465: gcc -c   conftest.c >&5
configure:14465: $? = 0
configure:14465: result: yes
configure:14465: checking obstack.h presence
configure:14465: gcc -E  conftest.c
configure:14465: $? = 0
configure:14465: result: yes
configure:14465: checking for obstack.h
configure:14465: result: yes
configure:14486: checking mqueue.h usability
configure:14486: gcc -c   conftest.c >&5
configure:14486: $? = 0
configure:14486: result: yes
configure:14486: checking mqueue.h presence
configure:14486: gcc -E  conftest.c
configure:14486: $? = 0
configure:14486: result: yes
configure:14486: checking for mqueue.h
configure:14486: result: yes
configure:14517: checking for pthread_mutexattr_setprotocol
configure:14517: gcc -o conftest    conftest.c  -lrt -lpthread >&5
configure:14517: $? = 0
configure:14517: result: yes
configure:14517: checking for pthread_mutexattr_getprotocol
configure:14517: gcc -o conftest    conftest.c  -lrt -lpthread >&5
configure:14517: $? = 0
configure:14517: result: yes
configure:14517: checking for pthread_mutexattr_setrobust_np
configure:14517: gcc -o conftest    conftest.c  -lrt -lpthread >&5
configure:14517: $? = 0
configure:14517: result: yes
configure:14517: checking for pthread_condattr_getclock
configure:14517: gcc -o conftest    conftest.c  -lrt -lpthread >&5
configure:14517: $? = 0
configure:14517: result: yes
configure:14517: checking for pthread_condattr_setclock
configure:14517: gcc -o conftest    conftest.c  -lrt -lpthread >&5
configure:14517: $? = 0
configure:14517: result: yes
configure:14517: checking for pthread_spin_lock
configure:14517: gcc -o conftest    conftest.c  -lrt -lpthread >&5
configure:14517: $? = 0
configure:14517: result: yes
configure:14517: checking for fork
configure:14517: gcc -o conftest    conftest.c  -lrt -lpthread >&5
conftest.c:61:6: warning: conflicting types for built-in function 'fork'
 char fork ();
      ^~~~
configure:14517: $? = 0
configure:14517: result: yes
configure:14517: checking for pthread_attr_setaffinity_np
configure:14517: gcc -o conftest    conftest.c  -lrt -lpthread >&5
configure:14517: $? = 0
configure:14517: result: yes
configure:14517: checking for pthread_setaffinity_np
configure:14517: gcc -o conftest    conftest.c  -lrt -lpthread >&5
configure:14517: $? = 0
configure:14517: result: yes
configure:14517: checking for pthread_getattr_np
configure:14517: gcc -o conftest    conftest.c  -lrt -lpthread >&5
configure:14517: $? = 0
configure:14517: result: yes
configure:14517: checking for pthread_atfork
configure:14517: gcc -o conftest    conftest.c  -lrt -lpthread >&5
configure:14517: $? = 0
configure:14517: result: yes
configure:14517: checking for pthread_setname_np
configure:14517: gcc -o conftest    conftest.c  -lrt -lpthread >&5
configure:14517: $? = 0
configure:14517: result: yes
configure:14517: checking for sched_getcpu
configure:14517: gcc -o conftest    conftest.c  -lrt -lpthread >&5
configure:14517: $? = 0
configure:14517: result: yes
configure:14517: checking for clock_nanosleep
configure:14517: gcc -o conftest    conftest.c  -lrt -lpthread >&5
configure:14517: $? = 0
configure:14517: result: yes
configure:14517: checking for shm_open
configure:14517: gcc -o conftest    conftest.c  -lrt -lpthread >&5
configure:14517: $? = 0
configure:14517: result: yes
configure:14517: checking for shm_unlink
configure:14517: gcc -o conftest    conftest.c  -lrt -lpthread >&5
configure:14517: $? = 0
configure:14517: result: yes
configure:14517: checking for backtrace
configure:14517: gcc -o conftest    conftest.c  -lrt -lpthread >&5
configure:14517: $? = 0
configure:14517: result: yes
configure:14530: checking whether PTHREAD_PRIO_NONE is declared
configure:14530: gcc -c   -D_GNU_SOURCE conftest.c >&5
configure:14530: $? = 0
configure:14530: result: yes
configure:14542: checking whether PTHREAD_RECURSIVE_MUTEX_INITIALIZER_NP is declared
configure:14542: gcc -c   -D_GNU_SOURCE conftest.c >&5
configure:14542: $? = 0
configure:14542: result: yes
configure:14554: checking whether PTHREAD_ERRORCHECK_MUTEX_INITIALIZER_NP is declared
configure:14554: gcc -c   -D_GNU_SOURCE conftest.c >&5
configure:14554: $? = 0
configure:14554: result: yes
configure:14674: checking whether the compiler provides atomic builtins
configure:14695: gcc -o conftest    conftest.c  >&5
configure:14695: $? = 0
configure:14702: result: yes
configure:14709: checking for fortify support
configure:14719: result: autodetect
configure:14721: checking for __vfprintf_chk
configure:14721: gcc -o conftest    conftest.c  >&5
conftest.c:87:6: warning: conflicting types for built-in function '__vfprintf_chk'
 char __vfprintf_chk ();
      ^~~~~~~~~~~~~~
configure:14721: $? = 0
configure:14721: result: yes
configure:14769: checking whether ld supports @file
configure:14787: gcc -o conftest   -Wl,@/dev/null conftest.c  >&5
conftest.c:65:1: warning: return type defaults to 'int' [-Wimplicit-int]
 main(){}
 ^~~~
configure:14787: $? = 0
configure:14803: result: yes
configure:14808: checking whether to enable dlopening of Xenomai libraries
configure:14818: result: no
configure:14847: checking whether to enable TLS support
configure:14854: result: no
configure:14888: checking location for test executables
configure:14905: result: ${exec_prefix}/bin
configure:14909: checking location for demo programs
configure:14926: result: ${exec_prefix}/demo
configure:14929: checking for test source generation
configure:14946: gcc -o conftest    conftest.c  >&5
configure:14946: $? = 0
configure:14946: ./conftest
configure:14946: $? = 0
configure:14947: result: ok
configure:15143: checking that generated files are newer than configure
configure:15149: result: done
configure:15216: creating ./config.status

## ---------------------- ##
## Running config.status. ##
## ---------------------- ##

This file was extended by Xenomai config.status 3.0.7, which was
generated by GNU Autoconf 2.69.  Invocation command line was

  CONFIG_FILES    = 
  CONFIG_HEADERS  = 
  CONFIG_LINKS    = 
  CONFIG_COMMANDS = 
  $ ./config.status 

on raspberrypi

config.status:1335: creating Makefile
config.status:1335: creating config/Makefile
config.status:1335: creating scripts/Makefile
config.status:1335: creating scripts/xeno-config
config.status:1335: creating scripts/xeno
config.status:1335: creating lib/Makefile
config.status:1335: creating lib/boilerplate/Makefile
config.status:1335: creating lib/boilerplate/init/Makefile
config.status:1335: creating lib/cobalt/Makefile
config.status:1335: creating lib/cobalt/arch/Makefile
config.status:1335: creating lib/cobalt/arch/arm/Makefile
config.status:1335: creating lib/cobalt/arch/arm/include/Makefile
config.status:1335: creating lib/cobalt/arch/arm/include/asm/Makefile
config.status:1335: creating lib/cobalt/arch/arm/include/asm/xenomai/Makefile
config.status:1335: creating lib/cobalt/arch/powerpc/Makefile
config.status:1335: creating lib/cobalt/arch/powerpc/include/Makefile
config.status:1335: creating lib/cobalt/arch/powerpc/include/asm/Makefile
config.status:1335: creating lib/cobalt/arch/powerpc/include/asm/xenomai/Makefile
config.status:1335: creating lib/cobalt/arch/blackfin/Makefile
config.status:1335: creating lib/cobalt/arch/blackfin/include/Makefile
config.status:1335: creating lib/cobalt/arch/blackfin/include/asm/Makefile
config.status:1335: creating lib/cobalt/arch/blackfin/include/asm/xenomai/Makefile
config.status:1335: creating lib/cobalt/arch/x86/Makefile
config.status:1335: creating lib/cobalt/arch/x86/include/Makefile
config.status:1335: creating lib/cobalt/arch/x86/include/asm/Makefile
config.status:1335: creating lib/cobalt/arch/x86/include/asm/xenomai/Makefile
config.status:1335: creating lib/mercury/Makefile
config.status:1335: creating lib/copperplate/Makefile
config.status:1335: creating lib/copperplate/regd/Makefile
config.status:1335: creating lib/alchemy/Makefile
config.status:1335: creating lib/vxworks/Makefile
config.status:1335: creating lib/psos/Makefile
config.status:1335: creating lib/analogy/Makefile
config.status:1335: creating lib/smokey/Makefile
config.status:1335: creating lib/trank/Makefile
config.status:1335: creating testsuite/Makefile
config.status:1335: creating testsuite/latency/Makefile
config.status:1335: creating testsuite/switchtest/Makefile
config.status:1335: creating testsuite/gpiotest/Makefile
config.status:1335: creating testsuite/spitest/Makefile
config.status:1335: creating testsuite/smokey/Makefile
config.status:1335: creating testsuite/smokey/arith/Makefile
config.status:1335: creating testsuite/smokey/dlopen/Makefile
config.status:1335: creating testsuite/smokey/sched-quota/Makefile
config.status:1335: creating testsuite/smokey/sched-tp/Makefile
config.status:1335: creating testsuite/smokey/setsched/Makefile
config.status:1335: creating testsuite/smokey/rtdm/Makefile
config.status:1335: creating testsuite/smokey/vdso-access/Makefile
config.status:1335: creating testsuite/smokey/posix-cond/Makefile
config.status:1335: creating testsuite/smokey/posix-mutex/Makefile
config.status:1335: creating testsuite/smokey/posix-clock/Makefile
config.status:1335: creating testsuite/smokey/posix-fork/Makefile
config.status:1335: creating testsuite/smokey/posix-select/Makefile
config.status:1335: creating testsuite/smokey/xddp/Makefile
config.status:1335: creating testsuite/smokey/iddp/Makefile
config.status:1335: creating testsuite/smokey/bufp/Makefile
config.status:1335: creating testsuite/smokey/sigdebug/Makefile
config.status:1335: creating testsuite/smokey/timerfd/Makefile
config.status:1335: creating testsuite/smokey/tsc/Makefile
config.status:1335: creating testsuite/smokey/leaks/Makefile
config.status:1335: creating testsuite/smokey/net_udp/Makefile
config.status:1335: creating testsuite/smokey/net_packet_dgram/Makefile
config.status:1335: creating testsuite/smokey/net_packet_raw/Makefile
config.status:1335: creating testsuite/smokey/net_common/Makefile
config.status:1335: creating testsuite/smokey/cpu-affinity/Makefile
config.status:1335: creating testsuite/clocktest/Makefile
config.status:1335: creating testsuite/xeno-test/Makefile
config.status:1335: creating utils/Makefile
config.status:1335: creating utils/hdb/Makefile
config.status:1335: creating utils/can/Makefile
config.status:1335: creating utils/analogy/Makefile
config.status:1335: creating utils/ps/Makefile
config.status:1335: creating utils/slackspot/Makefile
config.status:1335: creating utils/corectl/Makefile
config.status:1335: creating utils/autotune/Makefile
config.status:1335: creating utils/net/rtnet
config.status:1335: creating utils/net/rtnet.conf
config.status:1335: creating utils/net/Makefile
config.status:1335: creating demo/Makefile
config.status:1335: creating demo/posix/Makefile
config.status:1335: creating demo/posix/cyclictest/Makefile
config.status:1335: creating demo/posix/my-robot/Makefile
config.status:1335: creating demo/posix/cobalt/Makefile
config.status:1335: creating demo/alchemy/Makefile
config.status:1335: creating demo/alchemy/cobalt/Makefile
config.status:1335: creating demo/alchemy/simple-task/Makefile
config.status:1335: creating include/Makefile
config.status:1335: creating include/cobalt/uapi/Makefile
config.status:1335: creating include/cobalt/uapi/asm-generic/Makefile
config.status:1335: creating include/cobalt/uapi/kernel/Makefile
config.status:1335: creating include/cobalt/Makefile
config.status:1335: creating include/cobalt/sys/Makefile
config.status:1335: creating include/cobalt/kernel/Makefile
config.status:1335: creating include/cobalt/kernel/rtdm/Makefile
config.status:1335: creating include/cobalt/kernel/rtdm/analogy/Makefile
config.status:1335: creating include/cobalt/boilerplate/Makefile
config.status:1335: creating include/rtdm/Makefile
config.status:1335: creating include/rtdm/uapi/Makefile
config.status:1335: creating include/mercury/Makefile
config.status:1335: creating include/mercury/boilerplate/Makefile
config.status:1335: creating include/boilerplate/Makefile
config.status:1335: creating include/copperplate/Makefile
config.status:1335: creating include/alchemy/Makefile
config.status:1335: creating include/vxworks/Makefile
config.status:1335: creating include/psos/Makefile
config.status:1335: creating include/smokey/Makefile
config.status:1335: creating include/trank/Makefile
config.status:1335: creating include/trank/posix/Makefile
config.status:1335: creating include/trank/native/Makefile
config.status:1335: creating include/trank/rtdm/Makefile
config.status:1335: creating include/xenomai/Makefile
config.status:1335: creating doc/Makefile
config.status:1335: creating doc/doxygen/Makefile
config.status:1335: creating doc/doxygen/xeno3prm-common.conf
config.status:1335: creating doc/doxygen/xeno3prm-html.conf
config.status:1335: creating doc/doxygen/xeno3prm-latex.conf
config.status:1335: creating doc/gitdoc/Makefile
config.status:1335: creating doc/asciidoc/Makefile
config.status:1335: creating include/xeno_config.h
config.status:1516: include/xeno_config.h is unchanged
config.status:1564: executing depfiles commands
config.status:1564: executing libtool commands

## ---------------- ##
## Cache variables. ##
## ---------------- ##

ac_cv_atomic_builtins=yes
ac_cv_build=armv7l-unknown-linux-gnueabihf
ac_cv_build_prog_CPP='gcc -E'
ac_cv_build_prog_cc_g=yes
ac_cv_c_compiler_gnu=yes
ac_cv_env_CCASFLAGS_set=
ac_cv_env_CCASFLAGS_value=
ac_cv_env_CCAS_set=
ac_cv_env_CCAS_value=
ac_cv_env_CC_set=
ac_cv_env_CC_value=
ac_cv_env_CFLAGS_set=
ac_cv_env_CFLAGS_value=
ac_cv_env_CPPFLAGS_set=
ac_cv_env_CPPFLAGS_value=
ac_cv_env_CPP_set=
ac_cv_env_CPP_value=
ac_cv_env_FUSE_CFLAGS_set=
ac_cv_env_FUSE_CFLAGS_value=
ac_cv_env_FUSE_LIBS_set=
ac_cv_env_FUSE_LIBS_value=
ac_cv_env_LDFLAGS_set=
ac_cv_env_LDFLAGS_value=
ac_cv_env_LIBS_set=
ac_cv_env_LIBS_value=
ac_cv_env_LT_SYS_LIBRARY_PATH_set=
ac_cv_env_LT_SYS_LIBRARY_PATH_value=
ac_cv_env_PKG_CONFIG_LIBDIR_set=
ac_cv_env_PKG_CONFIG_LIBDIR_value=
ac_cv_env_PKG_CONFIG_PATH_set=
ac_cv_env_PKG_CONFIG_PATH_value=
ac_cv_env_PKG_CONFIG_set=
ac_cv_env_PKG_CONFIG_value=
ac_cv_env_build_alias_set=
ac_cv_env_build_alias_value=
ac_cv_env_host_alias_set=
ac_cv_env_host_alias_value=
ac_cv_env_target_alias_set=
ac_cv_env_target_alias_value=
ac_cv_func___vfprintf_chk=yes
ac_cv_func_backtrace=yes
ac_cv_func_clock_nanosleep=yes
ac_cv_func_fork=yes
ac_cv_func_pthread_atfork=yes
ac_cv_func_pthread_attr_setaffinity_np=yes
ac_cv_func_pthread_condattr_getclock=yes
ac_cv_func_pthread_condattr_setclock=yes
ac_cv_func_pthread_getattr_np=yes
ac_cv_func_pthread_mutexattr_getprotocol=yes
ac_cv_func_pthread_mutexattr_setprotocol=yes
ac_cv_func_pthread_mutexattr_setrobust_np=yes
ac_cv_func_pthread_setaffinity_np=yes
ac_cv_func_pthread_setname_np=yes
ac_cv_func_pthread_spin_lock=yes
ac_cv_func_sched_getcpu=yes
ac_cv_func_shm_open=yes
ac_cv_func_shm_unlink=yes
ac_cv_have_decl_PTHREAD_ERRORCHECK_MUTEX_INITIALIZER_NP=yes
ac_cv_have_decl_PTHREAD_PRIO_NONE=yes
ac_cv_have_decl_PTHREAD_RECURSIVE_MUTEX_INITIALIZER_NP=yes
ac_cv_header_dlfcn_h=yes
ac_cv_header_inttypes_h=yes
ac_cv_header_memory_h=yes
ac_cv_header_mqueue_h=yes
ac_cv_header_obstack_h=yes
ac_cv_header_stdc=yes
ac_cv_header_stdint_h=yes
ac_cv_header_stdlib_h=yes
ac_cv_header_string_h=yes
ac_cv_header_strings_h=yes
ac_cv_header_sys_stat_h=yes
ac_cv_header_sys_types_h=yes
ac_cv_header_unistd_h=yes
ac_cv_header_valgrind_valgrind_h=no
ac_cv_host=armv7l-unknown-linux-gnueabihf
ac_cv_ld_file_option=yes
ac_cv_objext=o
ac_cv_path_EGREP='/bin/grep -E'
ac_cv_path_FGREP='/bin/grep -F'
ac_cv_path_GREP=/bin/grep
ac_cv_path_SED=/bin/sed
ac_cv_path_install='/usr/bin/install -c'
ac_cv_path_lt_DD=/bin/dd
ac_cv_path_mkdir=/bin/mkdir
ac_cv_prog_AWK=mawk
ac_cv_prog_CPP='gcc -E'
ac_cv_prog_DOXYGEN_HAVE_DOT=NO
ac_cv_prog_ac_ct_AR=ar
ac_cv_prog_ac_ct_CC=gcc
ac_cv_prog_ac_ct_CC_FOR_BUILD=gcc
ac_cv_prog_ac_ct_MANIFEST_TOOL=mt
ac_cv_prog_ac_ct_OBJDUMP=objdump
ac_cv_prog_ac_ct_RANLIB=ranlib
ac_cv_prog_ac_ct_STRIP=strip
ac_cv_prog_cc_c89=
ac_cv_prog_cc_g=yes
ac_cv_prog_make_make_set=yes
ac_cv_target=armv7l-unknown-linux-gnueabihf
am_cv_CCAS_dependencies_compiler_type=gcc3
am_cv_CC_dependencies_compiler_type=gcc3
am_cv_make_support_nested_variables=yes
am_cv_prog_cc_c_o=yes
am_cv_prog_tar_ustar=gnutar
lt_cv_ar_at_file=@
lt_cv_archive_cmds_need_lc=no
lt_cv_deplibs_check_method=pass_all
lt_cv_file_magic_cmd='$MAGIC_CMD'
lt_cv_file_magic_test_file=
lt_cv_ld_reload_flag=-r
lt_cv_nm_interface='BSD nm'
lt_cv_objdir=.libs
lt_cv_path_LD=/usr/bin/ld
lt_cv_path_NM='/usr/bin/nm -B'
lt_cv_path_mainfest_tool=no
lt_cv_prog_compiler_c_o=yes
lt_cv_prog_compiler_pic='-fPIC -DPIC'
lt_cv_prog_compiler_pic_works=yes
lt_cv_prog_compiler_rtti_exceptions=no
lt_cv_prog_compiler_static_works=yes
lt_cv_prog_gnu_ld=yes
lt_cv_sharedlib_from_linklib_cmd='printf %s\n'
lt_cv_shlibpath_overrides_runpath=no
lt_cv_sys_global_symbol_pipe='sed -n -e '\''s/^.*[	 ]\([ABCDGIRSTW][ABCDGIRSTW]*\)[	 ][	 ]*\([_A-Za-z][_A-Za-z0-9]*\)$/\1 \2 \2/p'\'' | sed '\''/ __gnu_lto/d'\'''
lt_cv_sys_global_symbol_to_c_name_address='sed -n -e '\''s/^: \(.*\) .*$/  {"\1", (void *) 0},/p'\'' -e '\''s/^[ABCDGIRSTW][ABCDGIRSTW]* .* \(.*\)$/  {"\1", (void *) \&\1},/p'\'''
lt_cv_sys_global_symbol_to_c_name_address_lib_prefix='sed -n -e '\''s/^: \(.*\) .*$/  {"\1", (void *) 0},/p'\'' -e '\''s/^[ABCDGIRSTW][ABCDGIRSTW]* .* \(lib.*\)$/  {"\1", (void *) \&\1},/p'\'' -e '\''s/^[ABCDGIRSTW][ABCDGIRSTW]* .* \(.*\)$/  {"lib\1", (void *) \&\1},/p'\'''
lt_cv_sys_global_symbol_to_cdecl='sed -n -e '\''s/^T .* \(.*\)$/extern int \1();/p'\'' -e '\''s/^[ABCDGIRSTW][ABCDGIRSTW]* .* \(.*\)$/extern char \1;/p'\'''
lt_cv_sys_global_symbol_to_import=
lt_cv_sys_max_cmd_len=1572864
lt_cv_sys_symbol_underscore=no
lt_cv_to_host_file_cmd=func_convert_file_noop
lt_cv_to_tool_file_cmd=func_convert_file_noop
lt_cv_truncate_bin='/bin/dd bs=4096 count=1'

## ----------------- ##
## Output variables. ##
## ----------------- ##

A2X=''
ACLOCAL='${SHELL} /home/pi/PINTU/ROBOT/xenomai-3-robotics/config/missing aclocal-1.15'
AMDEPBACKSLASH='\'
AMDEP_FALSE='#'
AMDEP_TRUE=''
AMTAR='$${TAR-tar}'
AM_BACKSLASH='\'
AM_DEFAULT_V='$(AM_DEFAULT_VERBOSITY)'
AM_DEFAULT_VERBOSITY='0'
AM_V='$(V)'
AR='ar'
ASCIIDOC=''
ASCIIDODC=''
AUTOCONF='${SHELL} /home/pi/PINTU/ROBOT/xenomai-3-robotics/config/missing autoconf'
AUTOHEADER='${SHELL} /home/pi/PINTU/ROBOT/xenomai-3-robotics/config/missing autoheader'
AUTOMAKE='${SHELL} /home/pi/PINTU/ROBOT/xenomai-3-robotics/config/missing automake-1.15'
AWK='mawk'
BUILD_EXEEXT=''
BUILD_OBJEXT=''
CC='gcc'
CCAS='gcc'
CCASDEPMODE='depmode=gcc3'
CCASFLAGS=''
CCDEPMODE='depmode=gcc3'
CC_FOR_BUILD='gcc'
CFLAGS=''
CFLAGS_FOR_BUILD='-g -O2'
CHECKFLAGS='-nostdinc -isystem $(SYSROOT)/usr/include -Wbitwise -Wno-transparent-union -D_GNU_SOURCE -D_XOPEN_SOURCE=500 -D_REENTRANT $(DEFS) $(DEFAULT_INCLUDES) $(INCLUDES) $(AM_CPPFLAGS) $(CPPFLAGS) -I$(top_srcdir)/include -isystem $(shell $(CC) -print-file-name=include) -include $(top_builddir)/include/xeno_config.h $(shell $(CC) -dM -E -xc /dev/null|sed -e '\''s/^\#define /-D/'\'' -e "s/ /=\'\''/" -e "s/$$/\'\''/")'
CONFIG_STATUS_DEPENDENCIES='/home/pi/PINTU/ROBOT/xenomai-3-robotics/lib/cobalt/modechk.wrappers /home/pi/PINTU/ROBOT/xenomai-3-robotics/lib/cobalt/cobalt.wrappers'
CONFIG_XENO_LIBS_DLOPEN_FALSE=''
CONFIG_XENO_LIBS_DLOPEN_TRUE='#'
CONFIG_XENO_SHARED_FALSE='#'
CONFIG_XENO_SHARED_TRUE=''
CPP='gcc -E'
CPPFLAGS=''
CPPFLAGS_FOR_BUILD=''
CPP_FOR_BUILD='gcc -E'
CYGPATH_W='echo'
DEFS='-DHAVE_CONFIG_H'
DEPDIR='.deps'
DLLTOOL='false'
DOXYGEN=''
DOXYGEN_HAVE_DOT='NO'
DOXYGEN_SHOW_INCLUDE_FILES='YES'
DSYMUTIL=''
DUMPBIN=''
ECHO_C=''
ECHO_N='-n'
ECHO_T=''
EGREP='/bin/grep -E'
EXEEXT=''
FGREP='/bin/grep -F'
FUSE_CFLAGS=''
FUSE_LIBS=''
GREP='/bin/grep'
INSTALL_DATA='${INSTALL} -m 644'
INSTALL_PROGRAM='${INSTALL}'
INSTALL_SCRIPT='${INSTALL}'
INSTALL_STRIP_PROGRAM='$(install_sh) -c -s'
LATEX_BATCHMODE='YES'
LATEX_MODE='batch'
LD='/usr/bin/ld'
LDFLAGS=''
LD_FILE_OPTION='yes'
LEX='${SHELL} /home/pi/PINTU/ROBOT/xenomai-3-robotics/config/missing flex'
LEXLIB=''
LEX_OUTPUT_ROOT=''
LIBOBJS=''
LIBS=''
LIBTOOL='$(SHELL) $(top_builddir)/libtool'
LIPO=''
LN_S='ln -s'
LTLIBOBJS=''
LT_SYS_LIBRARY_PATH=''
MAINT='#'
MAINTAINER_MODE_FALSE=''
MAINTAINER_MODE_TRUE='#'
MAKEINFO='${SHELL} /home/pi/PINTU/ROBOT/xenomai-3-robotics/config/missing makeinfo'
MANIFEST_TOOL=':'
MKDIR_P='/bin/mkdir -p'
NM='/usr/bin/nm -B'
NMEDIT=''
OBJDUMP='objdump'
OBJEXT='o'
OTOOL64=''
OTOOL=''
PACKAGE='xenomai'
PACKAGE_BUGREPORT='xenomai@xenomai.org'
PACKAGE_NAME='Xenomai'
PACKAGE_STRING='Xenomai 3.0.7'
PACKAGE_TARNAME='xenomai'
PACKAGE_URL=''
PACKAGE_VERSION='3.0.7'
PATH_SEPARATOR=':'
PKG_CONFIG=''
PKG_CONFIG_LIBDIR=''
PKG_CONFIG_PATH=''
RANLIB='ranlib'
SED='/bin/sed'
SET_MAKE=''
SHELL='/bin/bash'
STRIP='strip'
VERSION='3.0.7'
W3M=''
XENO_AUTOINIT_LDFLAGS='$(top_builddir)/lib/boilerplate/init/bootstrap-internal.o -Wl,--wrap=main -Wl,--dynamic-list=/home/pi/PINTU/ROBOT/xenomai-3-robotics/scripts/dynlist.ld'
XENO_BUILD_ARGS=' '\''--enable-smp'\'''
XENO_BUILD_COMPILER='gcc version 6.3.0 20170516 (Raspbian 6.3.0-18+rpi1+deb9u1) '
XENO_BUILD_DOC_FALSE=''
XENO_BUILD_DOC_TRUE='#'
XENO_BUILD_STRING='armv7l-unknown-linux-gnueabihf'
XENO_COBALT_CFLAGS='-I/home/pi/PINTU/ROBOT/xenomai-3-robotics/lib/cobalt/arch/arm/include -I/home/pi/PINTU/ROBOT/xenomai-3-robotics/kernel/cobalt/arch/arm/include -DNDEBUG -O2 -D_GNU_SOURCE -D_REENTRANT -fasynchronous-unwind-tables -pipe -fstrict-aliasing -Wall -Wstrict-prototypes -Wmissing-prototypes -Wno-long-long -Wno-unused-parameter -Werror -Wformat-security -D__XENO__ -D__IN_XENO__ -I/home/pi/PINTU/ROBOT/xenomai-3-robotics/include/cobalt'
XENO_COBALT_FALSE='#'
XENO_COBALT_TRUE=''
XENO_CORE_LDADD='$(top_builddir)/lib/cobalt/libcobalt.la $(top_builddir)/lib/cobalt/libmodechk.la'
XENO_DEBUG_FALSE=''
XENO_DEBUG_FULL_FALSE=''
XENO_DEBUG_FULL_TRUE='#'
XENO_DEBUG_TRUE='#'
XENO_DEMO_DIR='${exec_prefix}/demo'
XENO_DOC_GIT=''
XENO_FUSE_CFLAGS=''
XENO_HOST_STRING='armv7l-unknown-linux-gnueabihf'
XENO_LIB_LDFLAGS='-Wl,-z -Wl,nodlopen'
XENO_MERCURY_FALSE=''
XENO_MERCURY_TRUE='#'
XENO_POSIX_WRAPPERS='-Wl,@/home/pi/PINTU/ROBOT/xenomai-3-robotics/lib/cobalt/modechk.wrappers -Wl,@/home/pi/PINTU/ROBOT/xenomai-3-robotics/lib/cobalt/cobalt.wrappers'
XENO_PRIVATE_OBSTACK_FALSE=''
XENO_PRIVATE_OBSTACK_TRUE='#'
XENO_PSHARED_FALSE=''
XENO_PSHARED_TRUE='#'
XENO_REGISTRY_FALSE=''
XENO_REGISTRY_TRUE='#'
XENO_SYMBOL_PREFIX=''
XENO_TARGET_ARCH='arm'
XENO_TARGET_CORE='cobalt'
XENO_TEST_DIR='${exec_prefix}/bin'
XENO_TLSF_FALSE='#'
XENO_TLSF_TRUE=''
XENO_USER_APP_CFLAGS=' -D_GNU_SOURCE -D_REENTRANT -fasynchronous-unwind-tables'
XENO_USER_APP_LDFLAGS='  '
XENO_USER_CFLAGS='-I/home/pi/PINTU/ROBOT/xenomai-3-robotics/lib/cobalt/arch/arm/include -I/home/pi/PINTU/ROBOT/xenomai-3-robotics/kernel/cobalt/arch/arm/include -DNDEBUG -O2 -D_GNU_SOURCE -D_REENTRANT -fasynchronous-unwind-tables -pipe -fstrict-aliasing -Wall -Wstrict-prototypes -Wmissing-prototypes -Wno-long-long -Wno-unused-parameter -Werror -Wformat-security -D__XENO__ -D__IN_XENO__ -I/home/pi/PINTU/ROBOT/xenomai-3-robotics/include/cobalt'
XENO_USER_CFLAGS_STDLIB='-DNDEBUG -O2 -D_GNU_SOURCE -D_REENTRANT -fasynchronous-unwind-tables -pipe -fstrict-aliasing -Wall -Wstrict-prototypes -Wmissing-prototypes -Wno-long-long -Wno-unused-parameter -Werror -Wformat-security -D__XENO__ -D__IN_XENO__'
XENO_USER_LDADD=''
ac_ct_AR='ar'
ac_ct_CC='gcc'
ac_ct_CC_FOR_BUILD='gcc'
ac_ct_DUMPBIN=''
am__EXEEXT_FALSE=''
am__EXEEXT_TRUE='#'
am__fastdepCCAS_FALSE='#'
am__fastdepCCAS_TRUE=''
am__fastdepCC_FALSE='#'
am__fastdepCC_TRUE=''
am__include='include'
am__isrc=''
am__leading_dot='.'
am__nodep='_no'
am__quote=''
am__tar='tar --format=ustar -chf - "$$tardir"'
am__untar='tar -xf -'
bindir='${exec_prefix}/bin'
build='armv7l-unknown-linux-gnueabihf'
build_alias=''
build_cpu='armv7l'
build_os='linux-gnueabihf'
build_vendor='unknown'
datadir='${datarootdir}'
datarootdir='${prefix}/share'
docdir='${datarootdir}/doc/${PACKAGE_TARNAME}'
dvidir='${docdir}'
exec_prefix='${prefix}'
host='armv7l-unknown-linux-gnueabihf'
host_alias=''
host_cpu='armv7l'
host_os='linux-gnueabihf'
host_vendor='unknown'
htmldir='${docdir}/html'
includedir='${prefix}/include'
infodir='${datarootdir}/info'
install_sh='${SHELL} /home/pi/PINTU/ROBOT/xenomai-3-robotics/config/install-sh'
libdir='${exec_prefix}/lib'
libexecdir='${exec_prefix}/libexec'
localedir='${datarootdir}/locale'
localstatedir='${prefix}/var'
mandir='${datarootdir}/man'
mkdir_p='$(MKDIR_P)'
oldincludedir='/usr/include'
pdfdir='${docdir}/pdf'
prefix='/usr/xenomai'
program_transform_name='s,x,x,'
psdir='${docdir}'
runstatedir='${localstatedir}/run'
sbindir='${exec_prefix}/sbin'
sharedstatedir='${prefix}/com'
sys_symbol_underscore='no'
sysconfdir='${prefix}/etc'
target='armv7l-unknown-linux-gnueabihf'
target_alias=''
target_cpu='armv7l'
target_os='linux-gnueabihf'
target_vendor='unknown'

## ----------- ##
## confdefs.h. ##
## ----------- ##

/* confdefs.h */
#define PACKAGE_NAME "Xenomai"
#define PACKAGE_TARNAME "xenomai"
#define PACKAGE_VERSION "3.0.7"
#define PACKAGE_STRING "Xenomai 3.0.7"
#define PACKAGE_BUGREPORT "xenomai@xenomai.org"
#define PACKAGE_URL ""
#define CONFIG_XENO_COBALT 1
#define CONFIG_XENO_BUILD_STRING "armv7l-unknown-linux-gnueabihf"
#define CONFIG_XENO_HOST_STRING "armv7l-unknown-linux-gnueabihf"
#define CONFIG_XENO_COMPILER "gcc version 6.3.0 20170516 (Raspbian 6.3.0-18+rpi1+deb9u1) "
#define PACKAGE "xenomai"
#define VERSION "3.0.7"
#define STDC_HEADERS 1
#define HAVE_SYS_TYPES_H 1
#define HAVE_SYS_STAT_H 1
#define HAVE_STDLIB_H 1
#define HAVE_STRING_H 1
#define HAVE_MEMORY_H 1
#define HAVE_STRINGS_H 1
#define HAVE_INTTYPES_H 1
#define HAVE_STDINT_H 1
#define HAVE_UNISTD_H 1
#define HAVE_DLFCN_H 1
#define LT_OBJDIR ".libs/"
#define CONFIG_XENO_LORES_CLOCK_DISABLED 1
#define CONFIG_XENO_RAW_CLOCK_ENABLED 1
#define CONFIG_XENO_SANITY 1
#define HAVE_OBSTACK_H 1
#define HAVE_MQUEUE_H 1
#define HAVE_PTHREAD_MUTEXATTR_SETPROTOCOL 1
#define HAVE_PTHREAD_MUTEXATTR_GETPROTOCOL 1
#define HAVE_PTHREAD_MUTEXATTR_SETROBUST_NP 1
#define HAVE_PTHREAD_CONDATTR_GETCLOCK 1
#define HAVE_PTHREAD_CONDATTR_SETCLOCK 1
#define HAVE_PTHREAD_SPIN_LOCK 1
#define HAVE_FORK 1
#define HAVE_PTHREAD_ATTR_SETAFFINITY_NP 1
#define HAVE_PTHREAD_SETAFFINITY_NP 1
#define HAVE_PTHREAD_GETATTR_NP 1
#define HAVE_PTHREAD_ATFORK 1
#define HAVE_PTHREAD_SETNAME_NP 1
#define HAVE_SCHED_GETCPU 1
#define HAVE_CLOCK_NANOSLEEP 1
#define HAVE_SHM_OPEN 1
#define HAVE_SHM_UNLINK 1
#define HAVE_BACKTRACE 1
#define HAVE_DECL_PTHREAD_PRIO_NONE 1
#define HAVE_DECL_PTHREAD_RECURSIVE_MUTEX_INITIALIZER_NP 1
#define HAVE_DECL_PTHREAD_ERRORCHECK_MUTEX_INITIALIZER_NP 1
#define CONFIG_XENO_VERSION_MAJOR 3
#define CONFIG_XENO_VERSION_MINOR 0
#define CONFIG_XENO_REVISION_LEVEL 7
#define CONFIG_XENO_UAPI_LEVEL 14
#define CONFIG_XENO_VERSION_STRING "3.0.7"
#define CONFIG_XENO_VERSION_NAME "Lingering Dawn"
#define CONFIG_XENO_PREFIX "/usr/xenomai"
#define CONFIG_XENO_BUILD_ARGS " '--enable-smp'"
#define CONFIG_SMP 1
#define CONFIG_MMU 1
#define CONFIG_XENO_DEFAULT_PERIOD 1000000
#define CONFIG_XENO_TLSF 1
#define CONFIG_XENO_FORTIFY 1
#define CONFIG_XENO_TLS_MODEL "initial-exec"

configure: exit 0
